<?xml version="1.0" encoding="UTF-8"?>
<coverage generated="1719744522931" clover="3.2.0">
  <project timestamp="1719744522931" name="All files">
    <metrics statements="16" coveredstatements="16" conditionals="9" coveredconditionals="8" methods="3" coveredmethods="3" elements="28" coveredelements="27" complexity="0" loc="16" ncloc="16" packages="2" files="2" classes="2"/>
    <package name="icons">
      <metrics statements="6" coveredstatements="6" conditionals="3" coveredconditionals="2" methods="1" coveredmethods="1"/>
      <file name="IconStar.tsx" path="/Users/gpolanco/Downloads/greatfrontend/product-reviews/src/components/icons/IconStar.tsx">
        <metrics statements="6" coveredstatements="6" conditionals="3" coveredconditionals="2" methods="1" coveredmethods="1"/>
        <line num="7" count="1" type="cond" truecount="0" falsecount="1"/>
        <line num="8" count="25" type="cond" truecount="1" falsecount="0"/>
        <line num="9" count="6" type="stmt"/>
        <line num="40" count="19" type="cond" truecount="1" falsecount="0"/>
        <line num="41" count="2" type="stmt"/>
        <line num="73" count="17" type="stmt"/>
      </file>
    </package>
    <package name="product-reviews.components">
      <metrics statements="10" coveredstatements="10" conditionals="6" coveredconditionals="6" methods="2" coveredmethods="2"/>
      <file name="StarRating.tsx" path="/Users/gpolanco/Downloads/greatfrontend/product-reviews/src/components/product-reviews/components/StarRating.tsx">
        <metrics statements="10" coveredstatements="10" conditionals="6" coveredconditionals="6" methods="2" coveredmethods="2"/>
        <line num="2" count="1" type="stmt"/>
        <line num="8" count="1" type="stmt"/>
        <line num="9" count="5" type="stmt"/>
        <line num="11" count="5" type="stmt"/>
        <line num="13" count="25" type="cond" truecount="2" falsecount="0"/>
        <line num="14" count="6" type="stmt"/>
        <line num="17" count="19" type="cond" truecount="4" falsecount="0"/>
        <line num="18" count="2" type="stmt"/>
        <line num="22" count="17" type="stmt"/>
        <line num="26" count="25" type="stmt"/>
      </file>
    </package>
  </project>
</coverage>
