{"/Users/gpolanco/Downloads/greatfrontend/product-reviews/src/components/icons/IconStar.tsx": {"path":"/Users/gpolanco/Downloads/greatfrontend/product-reviews/src/components/icons/IconStar.tsx","statementMap":{"0":{"start":{"line":7,"column":44},"end":{"line":93,"column":1}},"1":{"start":{"line":8,"column":2},"end":{"line":38,"column":3}},"2":{"start":{"line":9,"column":4},"end":{"line":37,"column":6}},"3":{"start":{"line":40,"column":2},"end":{"line":71,"column":3}},"4":{"start":{"line":41,"column":4},"end":{"line":70,"column":6}},"5":{"start":{"line":73,"column":2},"end":{"line":92,"column":4}},"6":{"start":{"line":7,"column":13},"end":{"line":7,"column":44}}},"fnMap":{"0":{"name":"(anonymous_0)","decl":{"start":{"line":7,"column":44},"end":{"line":7,"column":45}},"loc":{"start":{"line":7,"column":67},"end":{"line":93,"column":1}}}},"branchMap":{"0":{"loc":{"start":{"line":7,"column":47},"end":{"line":7,"column":61}},"type":"default-arg","locations":[{"start":{"line":7,"column":54},"end":{"line":7,"column":61}}]},"1":{"loc":{"start":{"line":8,"column":2},"end":{"line":38,"column":3}},"type":"if","locations":[{"start":{"line":8,"column":2},"end":{"line":38,"column":3}}]},"2":{"loc":{"start":{"line":40,"column":2},"end":{"line":71,"column":3}},"type":"if","locations":[{"start":{"line":40,"column":2},"end":{"line":71,"column":3}}]}},"s":{"0":1,"1":25,"2":6,"3":19,"4":2,"5":17,"6":1},"f":{"0":25},"b":{"0":[0],"1":[6],"2":[2]}}
,"/Users/gpolanco/Downloads/greatfrontend/product-reviews/src/components/product-reviews/components/StarRating.tsx": {"path":"/Users/gpolanco/Downloads/greatfrontend/product-reviews/src/components/product-reviews/components/StarRating.tsx","statementMap":{"0":{"start":{"line":2,"column":0},"end":{"line":2,"column":48}},"1":{"start":{"line":8,"column":48},"end":{"line":27,"column":1}},"2":{"start":{"line":9,"column":16},"end":{"line":9,"column":18}},"3":{"start":{"line":11,"column":2},"end":{"line":24,"column":3}},"4":{"start":{"line":11,"column":15},"end":{"line":11,"column":16}},"5":{"start":{"line":13,"column":4},"end":{"line":23,"column":5}},"6":{"start":{"line":14,"column":6},"end":{"line":14,"column":51}},"7":{"start":{"line":17,"column":9},"end":{"line":23,"column":5}},"8":{"start":{"line":18,"column":6},"end":{"line":18,"column":51}},"9":{"start":{"line":22,"column":6},"end":{"line":22,"column":52}},"10":{"start":{"line":26,"column":2},"end":{"line":26,"column":65}},"11":{"start":{"line":26,"column":52},"end":{"line":26,"column":56}},"12":{"start":{"line":8,"column":13},"end":{"line":8,"column":48}}},"fnMap":{"0":{"name":"(anonymous_0)","decl":{"start":{"line":8,"column":48},"end":{"line":8,"column":49}},"loc":{"start":{"line":8,"column":62},"end":{"line":27,"column":1}}},"1":{"name":"(anonymous_1)","decl":{"start":{"line":26,"column":42},"end":{"line":26,"column":43}},"loc":{"start":{"line":26,"column":52},"end":{"line":26,"column":56}}}},"branchMap":{"0":{"loc":{"start":{"line":13,"column":4},"end":{"line":23,"column":5}},"type":"if","locations":[{"start":{"line":13,"column":4},"end":{"line":23,"column":5}},{"start":{"line":17,"column":9},"end":{"line":23,"column":5}}]},"1":{"loc":{"start":{"line":17,"column":9},"end":{"line":23,"column":5}},"type":"if","locations":[{"start":{"line":17,"column":9},"end":{"line":23,"column":5}},{"start":{"line":21,"column":9},"end":{"line":23,"column":5}}]},"2":{"loc":{"start":{"line":17,"column":13},"end":{"line":17,"column":56}},"type":"binary-expr","locations":[{"start":{"line":17,"column":13},"end":{"line":17,"column":36}},{"start":{"line":17,"column":40},"end":{"line":17,"column":56}}]}},"s":{"0":1,"1":1,"2":5,"3":5,"4":5,"5":25,"6":6,"7":19,"8":2,"9":17,"10":5,"11":25,"12":1},"f":{"0":5,"1":25},"b":{"0":[6,19],"1":[2,17],"2":[19,5]}}
}
