TN:
SF:src/components/icons/IconStar.tsx
FN:7,(anonymous_0)
FNF:1
FNH:1
FNDA:25,(anonymous_0)
DA:7,1
DA:8,25
DA:9,6
DA:40,19
DA:41,2
DA:73,17
LF:6
LH:6
BRDA:7,0,0,0
BRDA:8,1,0,6
BRDA:40,2,0,2
BRF:3
BRH:2
end_of_record
TN:
SF:src/components/product-reviews/components/StarRating.tsx
FN:8,(anonymous_0)
FN:26,(anonymous_1)
FNF:2
FNH:2
FNDA:5,(anonymous_0)
FNDA:25,(anonymous_1)
DA:2,1
DA:8,1
DA:9,5
DA:11,5
DA:13,25
DA:14,6
DA:17,19
DA:18,2
DA:22,17
DA:26,25
LF:10
LH:10
BRDA:13,0,0,6
BRDA:13,0,1,19
BRDA:17,1,0,2
BRDA:17,1,1,17
BRDA:17,2,0,19
BRDA:17,2,1,5
BRF:6
BRH:6
end_of_record
